c:\users\xiaoyang\desktop\8599\8599raytracer\8599raytracer\x64\release\vc143.pdb
c:\users\xiaoyang\desktop\8599\8599raytracer\8599raytracer\x64\release\main.obj
c:\users\xiaoyang\desktop\8599\8599raytracer\8599raytracer\x64\release\sphere.obj
c:\users\xiaoyang\desktop\8599\8599raytracer\8599raytracer\x64\release\compositehittable.obj
c:\users\xiaoyang\desktop\8599\8599raytracer\8599raytracer\x64\release\compositehittable.h.ifc
c:\users\xiaoyang\desktop\8599\8599raytracer\8599raytracer\x64\release\compositehittable.h.ifc.d.json
c:\users\xiaoyang\desktop\8599\8599raytracer\8599raytracer\x64\release\compositehittable.h.obj
c:\users\xiaoyang\desktop\8599\8599raytracer\x64\release\8599raytracer.exe
c:\users\xiaoyang\desktop\8599\8599raytracer\8599raytracer\x64\release\8599raytracer.ipdb
c:\users\xiaoyang\desktop\8599\8599raytracer\x64\release\8599raytracer.pdb
c:\users\xiaoyang\desktop\8599\8599raytracer\8599raytracer\x64\release\8599raytracer.iobj
c:\users\xiaoyang\desktop\8599\8599raytracer\8599raytracer\x64\release\compositehittable.h.module.json
c:\users\xiaoyang\desktop\8599\8599raytracer\8599raytracer\x64\release\8599raytracer.tlog\cl.command.1.tlog
c:\users\xiaoyang\desktop\8599\8599raytracer\8599raytracer\x64\release\8599raytracer.tlog\cl.read.1.tlog
c:\users\xiaoyang\desktop\8599\8599raytracer\8599raytracer\x64\release\8599raytracer.tlog\cl.write.1.tlog
c:\users\xiaoyang\desktop\8599\8599raytracer\8599raytracer\x64\release\8599raytracer.tlog\link.command.1.tlog
c:\users\xiaoyang\desktop\8599\8599raytracer\8599raytracer\x64\release\8599raytracer.tlog\link.read.1.tlog
c:\users\xiaoyang\desktop\8599\8599raytracer\8599raytracer\x64\release\8599raytracer.tlog\link.write.1.tlog
c:\users\xiaoyang\desktop\8599\8599raytracer\8599raytracer\x64\release\8599raytracer_md.tlog\cl.command.1.tlog
c:\users\xiaoyang\desktop\8599\8599raytracer\8599raytracer\x64\release\8599raytracer_md.tlog\microsoft.build.cpptasks.cl.read.1.tlog
c:\users\xiaoyang\desktop\8599\8599raytracer\8599raytracer\x64\release\8599raytracer_md.tlog\microsoft.build.cpptasks.cl.write.1.tlog
